#
# There is insufficient memory for the Java Runtime Environment to continue.
# Native memory allocation (mmap) failed to map 20971520 bytes for G1 virtual space
# Possible reasons:
#   The system is out of physical RAM or swap space
#   The process is running with CompressedOops enabled, and the Java Heap may be blocking the growth of the native heap
# Possible solutions:
#   Reduce memory load on the system
#   Increase physical memory or swap space
#   Check if swap backing store is full
#   Decrease Java heap size (-Xmx/-Xms)
#   Decrease number of Java threads
#   Decrease Java thread stack sizes (-Xss)
#   Set larger code cache with -XX:ReservedCodeCacheSize=
#   JVM is running with Unscaled Compressed Oops mode in which the Java heap is
#     placed in the first 4GB address space. The Java Heap base address is the
#     maximum limit for the native heap growth. Please use -XX:HeapBaseMinAddress
#     to set the Java Heap base and to place the Java Heap above 4GB virtual address.
# This output file may be truncated or incomplete.
#
#  Out of Memory Error (os_windows.cpp:3532), pid=4800, tid=10656
#
# JRE version: OpenJDK Runtime Environment Temurin-17.0.2+8 (17.0.2+8) (build 17.0.2+8)
# Java VM: OpenJDK 64-Bit Server VM Temurin-17.0.2+8 (17.0.2+8, mixed mode, emulated-client, tiered, compressed oops, compressed class ptrs, g1 gc, windows-amd64)
# No core dump will be written. Minidumps are not enabled by default on client versions of Windows
#

---------------  S U M M A R Y ------------

Command Line: -Dcom.sun.management.jmxremote -Dcom.sun.management.jmxremote.port=64815 -Dcom.sun.management.jmxremote.authenticate=false -Dcom.sun.management.jmxremote.ssl=false -Djava.rmi.server.hostname=localhost -Dspring.jmx.enabled=true -Dspring.application.admin.enabled=true -XX:TieredStopAtLevel=1 -Dspring.boot.project.name=contralador-sondas -Dfile.encoding=UTF-8 -XX:+ShowCodeDetailsInExceptionMessages br.com.elo7.contraladorsondas.ControladorSondasApplication --spring.output.ansi.enabled=always

Host: Intel(R) Core(TM) i5-2310 CPU @ 2.90GHz, 4 cores, 7G,  Windows 10 , 64 bit Build 19041 (10.0.19041.1889)
Time: Wed Sep 14 22:10:51 2022 Hora oficial do Brasil elapsed time: 9.634892 seconds (0d 0h 0m 9s)

---------------  T H R E A D  ---------------

Current thread (0x000001a7a04b7bc0):  VMThread "VM Thread" [stack: 0x0000003cf9600000,0x0000003cf9700000] [id=10656]

Stack: [0x0000003cf9600000,0x0000003cf9700000]
Native frames: (J=compiled Java code, j=interpreted, Vv=VM code, C=native code)
V  [jvm.dll+0x67564a]
V  [jvm.dll+0x82fc04]
V  [jvm.dll+0x8313ae]
V  [jvm.dll+0x831a13]
V  [jvm.dll+0x245235]
V  [jvm.dll+0x672539]
V  [jvm.dll+0x666e82]
V  [jvm.dll+0x30401b]
V  [jvm.dll+0x30b566]
V  [jvm.dll+0x35b1fe]
V  [jvm.dll+0x35b42f]
V  [jvm.dll+0x2daf58]
V  [jvm.dll+0x2d920c]
V  [jvm.dll+0x2d87dc]
V  [jvm.dll+0x31c61b]
V  [jvm.dll+0x835ebb]
V  [jvm.dll+0x836bf4]
V  [jvm.dll+0x83710c]
V  [jvm.dll+0x8374e4]
V  [jvm.dll+0x8375b0]
V  [jvm.dll+0x7dff2a]
V  [jvm.dll+0x6744d5]
C  [ucrtbase.dll+0x21bb2]
C  [KERNEL32.DLL+0x17034]
C  [ntdll.dll+0x52651]

VM_Operation (0x0000003cfbcfd740): G1CollectForAllocation, mode: safepoint, requested by thread 0x000001a7a1bfc2a0


---------------  P R O C E S S  ---------------

Threads class SMR info:
_java_thread_list=0x000001a7a57fbf10, length=35, elements={
0x000001a792fadc30, 0x000001a7a04bb9e0, 0x000001a7a04bccc0, 0x000001a7a101b4d0,
0x000001a7a101bd90, 0x000001a7a101c650, 0x000001a7a101d6b0, 0x000001a7a1022cd0,
0x000001a7a0529810, 0x000001a7a10756b0, 0x000001a7a116a090, 0x000001a7a116a5a0,
0x000001a7a1203bb0, 0x000001a7a19086d0, 0x000001a7a1917090, 0x000001a7a19443d0,
0x000001a7a1b41780, 0x000001a7a1b6a050, 0x000001a7a1bb21f0, 0x000001a7a1bc5ec0,
0x000001a7a1bc6390, 0x000001a7a1bfaa90, 0x000001a7a1bfbdd0, 0x000001a7a1bfa0f0,
0x000001a7a1bfd110, 0x000001a7a1bfa5c0, 0x000001a7a1bfc770, 0x000001a7a1bfaf60,
0x000001a7a1bfcc40, 0x000001a7a1bfb430, 0x000001a7a1bfd5e0, 0x000001a7a1bfc2a0,
0x000001a7a1bfb900, 0x000001a7a1bf9c20, 0x000001a7a5a0e880
}

Java Threads: ( => current thread )
  0x000001a792fadc30 JavaThread "main" [_thread_blocked, id=3876, stack(0x0000003cf9000000,0x0000003cf9100000)]
  0x000001a7a04bb9e0 JavaThread "Reference Handler" daemon [_thread_blocked, id=6656, stack(0x0000003cf9700000,0x0000003cf9800000)]
  0x000001a7a04bccc0 JavaThread "Finalizer" daemon [_thread_blocked, id=11588, stack(0x0000003cf9800000,0x0000003cf9900000)]
  0x000001a7a101b4d0 JavaThread "Signal Dispatcher" daemon [_thread_blocked, id=912, stack(0x0000003cf9a00000,0x0000003cf9b00000)]
  0x000001a7a101bd90 JavaThread "Attach Listener" daemon [_thread_blocked, id=1288, stack(0x0000003cf9b00000,0x0000003cf9c00000)]
  0x000001a7a101c650 JavaThread "Service Thread" daemon [_thread_blocked, id=13716, stack(0x0000003cf9c00000,0x0000003cf9d00000)]
  0x000001a7a101d6b0 JavaThread "Monitor Deflation Thread" daemon [_thread_blocked, id=9296, stack(0x0000003cf9d00000,0x0000003cf9e00000)]
  0x000001a7a1022cd0 JavaThread "C1 CompilerThread0" daemon [_thread_blocked, id=8056, stack(0x0000003cf9e00000,0x0000003cf9f00000)]
  0x000001a7a0529810 JavaThread "Sweeper thread" daemon [_thread_blocked, id=2060, stack(0x0000003cf9f00000,0x0000003cfa000000)]
  0x000001a7a10756b0 JavaThread "Common-Cleaner" daemon [_thread_blocked, id=10740, stack(0x0000003cfa000000,0x0000003cfa100000)]
  0x000001a7a116a090 JavaThread "C1 CompilerThread1" daemon [_thread_blocked, id=9108, stack(0x0000003cfa100000,0x0000003cfa200000)]
  0x000001a7a116a5a0 JavaThread "C1 CompilerThread2" daemon [_thread_blocked, id=5148, stack(0x0000003cfa200000,0x0000003cfa300000)]
  0x000001a7a1203bb0 JavaThread "Notification Thread" daemon [_thread_blocked, id=4560, stack(0x0000003cfa300000,0x0000003cfa400000)]
  0x000001a7a19086d0 JavaThread "RMI TCP Accept-0" daemon [_thread_in_native, id=12000, stack(0x0000003cfa400000,0x0000003cfa500000)]
  0x000001a7a1917090 JavaThread "RMI TCP Accept-64815" daemon [_thread_in_native, id=8200, stack(0x0000003cfa500000,0x0000003cfa600000)]
  0x000001a7a19443d0 JavaThread "RMI TCP Accept-0" daemon [_thread_in_native, id=9956, stack(0x0000003cfa600000,0x0000003cfa700000)]
  0x000001a7a1b41780 JavaThread "Thread-0" [_thread_blocked, id=8224, stack(0x0000003cfad00000,0x0000003cfae00000)]
  0x000001a7a1b6a050 JavaThread "restartedMain" [_thread_blocked, id=6168, stack(0x0000003cfae00000,0x0000003cfaf00000)]
  0x000001a7a1bb21f0 JavaThread "RMI TCP Connection(1)-127.0.0.1" daemon [_thread_in_native, id=5416, stack(0x0000003cfaf00000,0x0000003cfb000000)]
  0x000001a7a1bc5ec0 JavaThread "RMI Scheduler(0)" daemon [_thread_blocked, id=1300, stack(0x0000003cfb000000,0x0000003cfb100000)]
  0x000001a7a1bc6390 JavaThread "RMI TCP Connection(2)-127.0.0.1" daemon [_thread_in_native, id=14256, stack(0x0000003cfb100000,0x0000003cfb200000)]
  0x000001a7a1bfaa90 JavaThread "JMX server connection timeout 24" daemon [_thread_blocked, id=2856, stack(0x0000003cfb200000,0x0000003cfb300000)]
  0x000001a7a1bfbdd0 JavaThread "HikariPool-1 housekeeper" daemon [_thread_blocked, id=14104, stack(0x0000003cfb300000,0x0000003cfb400000)]
  0x000001a7a1bfa0f0 JavaThread "Catalina-utility-1" [_thread_blocked, id=13760, stack(0x0000003cfb400000,0x0000003cfb500000)]
  0x000001a7a1bfd110 JavaThread "Catalina-utility-2" [_thread_blocked, id=932, stack(0x0000003cfb500000,0x0000003cfb600000)]
  0x000001a7a1bfa5c0 JavaThread "container-0" [_thread_blocked, id=9760, stack(0x0000003cfb600000,0x0000003cfb700000)]
  0x000001a7a1bfc770 JavaThread "HikariPool-1 connection adder" daemon [_thread_blocked, id=7220, stack(0x0000003cfb700000,0x0000003cfb800000)]
  0x000001a7a1bfaf60 JavaThread "ClassGraph-worker-32" daemon [_thread_blocked, id=13168, stack(0x0000003cfb800000,0x0000003cfb900000)]
  0x000001a7a1bfcc40 JavaThread "ClassGraph-worker-33" daemon [_thread_blocked, id=13072, stack(0x0000003cfb900000,0x0000003cfba00000)]
  0x000001a7a1bfb430 JavaThread "ClassGraph-worker-34" daemon [_thread_blocked, id=13076, stack(0x0000003cfba00000,0x0000003cfbb00000)]
  0x000001a7a1bfd5e0 JavaThread "ClassGraph-worker-35" daemon [_thread_blocked, id=13604, stack(0x0000003cfbb00000,0x0000003cfbc00000)]
  0x000001a7a1bfc2a0 JavaThread "ClassGraph-worker-36" daemon [_thread_blocked, id=1284, stack(0x0000003cfbc00000,0x0000003cfbd00000)]
  0x000001a7a1bfb900 JavaThread "ClassGraph-worker-37" daemon [_thread_blocked, id=3856, stack(0x0000003cfbd00000,0x0000003cfbe00000)]
  0x000001a7a1bf9c20 JavaThread "ClassGraph-worker-38" daemon [_thread_blocked, id=9844, stack(0x0000003cfbe00000,0x0000003cfbf00000)]
  0x000001a7a5a0e880 JavaThread "ClassGraph-worker-39" daemon [_thread_blocked, id=10336, stack(0x0000003cfbf00000,0x0000003cfc000000)]

Other Threads:
=>0x000001a7a04b7bc0 VMThread "VM Thread" [stack: 0x0000003cf9600000,0x0000003cf9700000] [id=10656]
  0x000001a792fae630 WatcherThread [stack: 0x0000003cfa700000,0x0000003cfa800000] [id=3796]
  0x000001a792feeb00 GCTaskThread "GC Thread#0" [stack: 0x0000003cf9100000,0x0000003cf9200000] [id=5932]
  0x000001a7a196d450 GCTaskThread "GC Thread#1" [stack: 0x0000003cfa800000,0x0000003cfa900000] [id=2236]
  0x000001a7a199d850 GCTaskThread "GC Thread#2" [stack: 0x0000003cfa900000,0x0000003cfaa00000] [id=8784]
  0x000001a7a1971f20 GCTaskThread "GC Thread#3" [stack: 0x0000003cfaa00000,0x0000003cfab00000] [id=4600]
  0x000001a792fff6b0 ConcurrentGCThread "G1 Main Marker" [stack: 0x0000003cf9200000,0x0000003cf9300000] [id=11660]
  0x000001a792fffe70 ConcurrentGCThread "G1 Conc#0" [stack: 0x0000003cf9300000,0x0000003cf9400000] [id=7332]
  0x000001a793075450 ConcurrentGCThread "G1 Refine#0" [stack: 0x0000003cf9400000,0x0000003cf9500000] [id=7052]
  0x000001a7a1971390 ConcurrentGCThread "G1 Refine#1" [stack: 0x0000003cfab00000,0x0000003cfac00000] [id=10940]
  0x000001a7a199df10 ConcurrentGCThread "G1 Refine#2" [stack: 0x0000003cfac00000,0x0000003cfad00000] [id=11784]
  0x000001a793075c20 ConcurrentGCThread "G1 Service" [stack: 0x0000003cf9500000,0x0000003cf9600000] [id=13536]

Threads with active compile tasks:

VM state: at safepoint (normal execution)

VM Mutex/Monitor currently owned by a thread:  ([mutex/lock_event])
[0x000001a792fa8d70] Threads_lock - owner thread: 0x000001a7a04b7bc0
[0x000001a792fa8980] Heap_lock - owner thread: 0x000001a7a1bfc2a0

Heap address: 0x0000000080a00000, size: 2038 MB, Compressed Oops mode: 32-bit

CDS archive(s) not mapped
Compressed class space mapped at: 0x0000000100000000-0x0000000140000000, reserved size: 1073741824
Narrow klass base: 0x0000000000000000, Narrow klass shift: 3, Narrow klass range: 0x140000000

GC Precious Log:
 CPUs: 4 total, 4 available
 Memory: 8150M
 Large Page Support: Disabled
 NUMA Support: Disabled
 Compressed Oops: Enabled (32-bit)
 Heap Region Size: 1M
 Heap Min Capacity: 8M
 Heap Initial Capacity: 128M
 Heap Max Capacity: 2038M
 Pre-touch: Disabled
 Parallel Workers: 4
 Concurrent Workers: 1
 Concurrent Refinement Workers: 4
 Periodic GC: Disabled

Heap:
 garbage-first heap   total 131072K, used 48122K [0x0000000080a00000, 0x0000000100000000)
  region size 1024K, 2 young (2048K), 2 survivors (2048K)
 Metaspace       used 62215K, committed 62720K, reserved 1105920K
  class space    used 8427K, committed 8640K, reserved 1048576K

Heap Regions: E=young(eden), S=young(survivor), O=old, HS=humongous(starts), HC=humongous(continues), CS=collection set, F=free, OA=open archive, CA=closed archive, TAMS=top-at-mark-start (previous, next)
|   0|0x0000000080a00000, 0x0000000080b00000, 0x0000000080b00000|100%|HS|  |TAMS 0x0000000080b00000, 0x0000000080a00000| Complete 
|   1|0x0000000080b00000, 0x0000000080c00000, 0x0000000080c00000|100%| O|  |TAMS 0x0000000080c00000, 0x0000000080b00000| Untracked 
|   2|0x0000000080c00000, 0x0000000080d00000, 0x0000000080d00000|100%| O|  |TAMS 0x0000000080d00000, 0x0000000080c00000| Untracked 
|   3|0x0000000080d00000, 0x0000000080e00000, 0x0000000080e00000|100%| O|  |TAMS 0x0000000080e00000, 0x0000000080d00000| Untracked 
|   4|0x0000000080e00000, 0x0000000080f00000, 0x0000000080f00000|100%| O|  |TAMS 0x0000000080f00000, 0x0000000080e00000| Untracked 
|   5|0x0000000080f00000, 0x0000000081000000, 0x0000000081000000|100%| O|  |TAMS 0x0000000081000000, 0x0000000080f00000| Untracked 
|   6|0x0000000081000000, 0x0000000081100000, 0x0000000081100000|100%| O|  |TAMS 0x0000000081100000, 0x0000000081000000| Untracked 
|   7|0x0000000081100000, 0x0000000081200000, 0x0000000081200000|100%| O|  |TAMS 0x0000000081200000, 0x0000000081100000| Untracked 
|   8|0x0000000081200000, 0x0000000081300000, 0x0000000081300000|100%| O|  |TAMS 0x0000000081300000, 0x0000000081200000| Untracked 
|   9|0x0000000081300000, 0x0000000081400000, 0x0000000081400000|100%| O|  |TAMS 0x0000000081400000, 0x0000000081300000| Untracked 
|  10|0x0000000081400000, 0x0000000081500000, 0x0000000081500000|100%| O|  |TAMS 0x0000000081500000, 0x0000000081400000| Untracked 
|  11|0x0000000081500000, 0x0000000081600000, 0x0000000081600000|100%| O|  |TAMS 0x0000000081600000, 0x0000000081500000| Untracked 
|  12|0x0000000081600000, 0x0000000081700000, 0x0000000081700000|100%| O|  |TAMS 0x0000000081700000, 0x0000000081600000| Untracked 
|  13|0x0000000081700000, 0x0000000081800000, 0x0000000081800000|100%| O|  |TAMS 0x0000000081800000, 0x0000000081700000| Untracked 
|  14|0x0000000081800000, 0x0000000081900000, 0x0000000081900000|100%| O|  |TAMS 0x0000000081900000, 0x0000000081800000| Untracked 
|  15|0x0000000081900000, 0x0000000081a00000, 0x0000000081a00000|100%| O|  |TAMS 0x0000000081a00000, 0x0000000081900000| Untracked 
|  16|0x0000000081a00000, 0x0000000081b00000, 0x0000000081b00000|100%| O|  |TAMS 0x0000000081b00000, 0x0000000081a00000| Untracked 
|  17|0x0000000081b00000, 0x0000000081c00000, 0x0000000081c00000|100%| O|  |TAMS 0x0000000081c00000, 0x0000000081b00000| Untracked 
|  18|0x0000000081c00000, 0x0000000081d00000, 0x0000000081d00000|100%| O|  |TAMS 0x0000000081c00000, 0x0000000081c00000| Untracked 
|  19|0x0000000081d00000, 0x0000000081e00000, 0x0000000081e00000|100%| O|  |TAMS 0x0000000081e00000, 0x0000000081d00000| Untracked 
|  20|0x0000000081e00000, 0x0000000081f00000, 0x0000000081f00000|100%| O|  |TAMS 0x0000000081f00000, 0x0000000081e00000| Untracked 
|  21|0x0000000081f00000, 0x0000000082000000, 0x0000000082000000|100%| O|  |TAMS 0x0000000081f00000, 0x0000000081f00000| Untracked 
|  22|0x0000000082000000, 0x0000000082100000, 0x0000000082100000|100%| O|  |TAMS 0x0000000082100000, 0x0000000082000000| Untracked 
|  23|0x0000000082100000, 0x0000000082200000, 0x0000000082200000|100%| O|  |TAMS 0x0000000082200000, 0x0000000082100000| Untracked 
|  24|0x0000000082200000, 0x0000000082300000, 0x0000000082300000|100%| O|  |TAMS 0x0000000082300000, 0x0000000082200000| Untracked 
|  25|0x0000000082300000, 0x0000000082400000, 0x0000000082400000|100%| O|  |TAMS 0x0000000082400000, 0x0000000082300000| Untracked 
|  26|0x0000000082400000, 0x0000000082500000, 0x0000000082500000|100%| O|  |TAMS 0x0000000082400000, 0x0000000082400000| Untracked 
|  27|0x0000000082500000, 0x0000000082600000, 0x0000000082600000|100%| O|  |TAMS 0x0000000082600000, 0x0000000082500000| Untracked 
|  28|0x0000000082600000, 0x0000000082700000, 0x0000000082700000|100%| O|  |TAMS 0x0000000082600000, 0x0000000082600000| Untracked 
|  29|0x0000000082700000, 0x0000000082800000, 0x0000000082800000|100%| O|  |TAMS 0x0000000082700000, 0x0000000082700000| Untracked 
|  30|0x0000000082800000, 0x0000000082900000, 0x0000000082900000|100%| O|  |TAMS 0x0000000082800000, 0x0000000082800000| Untracked 
|  31|0x0000000082900000, 0x0000000082a00000, 0x0000000082a00000|100%| O|  |TAMS 0x0000000082900000, 0x0000000082900000| Untracked 
|  32|0x0000000082a00000, 0x0000000082b00000, 0x0000000082b00000|100%| O|  |TAMS 0x0000000082a11a00, 0x0000000082a00000| Untracked 
|  33|0x0000000082b00000, 0x0000000082c00000, 0x0000000082c00000|100%| O|  |TAMS 0x0000000082b00000, 0x0000000082b00000| Untracked 
|  34|0x0000000082c00000, 0x0000000082d00000, 0x0000000082d00000|100%| O|  |TAMS 0x0000000082c00000, 0x0000000082c00000| Untracked 
|  35|0x0000000082d00000, 0x0000000082e00000, 0x0000000082e00000|100%| O|  |TAMS 0x0000000082d00000, 0x0000000082d00000| Untracked 
|  36|0x0000000082e00000, 0x0000000082f00000, 0x0000000082f00000|100%| O|  |TAMS 0x0000000082e00000, 0x0000000082e00000| Untracked 
|  37|0x0000000082f00000, 0x0000000083000000, 0x0000000083000000|100%| O|  |TAMS 0x0000000082f00000, 0x0000000082f00000| Untracked 
|  38|0x0000000083000000, 0x0000000083100000, 0x0000000083100000|100%| O|  |TAMS 0x0000000083000000, 0x0000000083000000| Untracked 
|  39|0x0000000083100000, 0x0000000083200000, 0x0000000083200000|100%| O|  |TAMS 0x0000000083100000, 0x0000000083100000| Untracked 
|  40|0x0000000083200000, 0x0000000083300000, 0x0000000083300000|100%| O|  |TAMS 0x0000000083200000, 0x0000000083200000| Untracked 
|  41|0x0000000083300000, 0x0000000083400000, 0x0000000083400000|100%| O|  |TAMS 0x0000000083300000, 0x0000000083300000| Untracked 
|  42|0x0000000083400000, 0x0000000083500000, 0x0000000083500000|100%| O|  |TAMS 0x0000000083400000, 0x0000000083400000| Untracked 
|  43|0x0000000083500000, 0x0000000083600000, 0x0000000083600000|100%| O|  |TAMS 0x0000000083500000, 0x0000000083500000| Untracked 
|  44|0x0000000083600000, 0x00000000836fea00, 0x0000000083700000| 99%| O|  |TAMS 0x0000000083600000, 0x0000000083600000| Untracked 
|  45|0x0000000083700000, 0x0000000083700000, 0x0000000083800000|  0%| F|  |TAMS 0x0000000083700000, 0x0000000083700000| Untracked 
|  46|0x0000000083800000, 0x0000000083800000, 0x0000000083900000|  0%| F|  |TAMS 0x0000000083800000, 0x0000000083800000| Untracked 
|  47|0x0000000083900000, 0x0000000083900000, 0x0000000083a00000|  0%| F|  |TAMS 0x0000000083900000, 0x0000000083900000| Untracked 
|  48|0x0000000083a00000, 0x0000000083a00000, 0x0000000083b00000|  0%| F|  |TAMS 0x0000000083a00000, 0x0000000083a00000| Untracked 
|  49|0x0000000083b00000, 0x0000000083b00000, 0x0000000083c00000|  0%| F|  |TAMS 0x0000000083b00000, 0x0000000083b00000| Untracked 
|  50|0x0000000083c00000, 0x0000000083c00000, 0x0000000083d00000|  0%| F|  |TAMS 0x0000000083c00000, 0x0000000083c00000| Untracked 
|  51|0x0000000083d00000, 0x0000000083d00000, 0x0000000083e00000|  0%| F|  |TAMS 0x0000000083d00000, 0x0000000083d00000| Untracked 
|  52|0x0000000083e00000, 0x0000000083e00000, 0x0000000083f00000|  0%| F|  |TAMS 0x0000000083e00000, 0x0000000083e00000| Untracked 
|  53|0x0000000083f00000, 0x0000000083f00000, 0x0000000084000000|  0%| F|  |TAMS 0x0000000083f00000, 0x0000000083f00000| Untracked 
|  54|0x0000000084000000, 0x0000000084000000, 0x0000000084100000|  0%| F|  |TAMS 0x0000000084000000, 0x0000000084000000| Untracked 
|  55|0x0000000084100000, 0x0000000084100000, 0x0000000084200000|  0%| F|  |TAMS 0x0000000084100000, 0x0000000084100000| Untracked 
|  56|0x0000000084200000, 0x0000000084200000, 0x0000000084300000|  0%| F|  |TAMS 0x0000000084200000, 0x0000000084200000| Untracked 
|  57|0x0000000084300000, 0x0000000084400000, 0x0000000084400000|100%| S|CS|TAMS 0x0000000084300000, 0x0000000084300000| Complete 
|  58|0x0000000084400000, 0x0000000084500000, 0x0000000084500000|100%| S|CS|TAMS 0x0000000084400000, 0x0000000084400000| Complete 
|  59|0x0000000084500000, 0x0000000084500000, 0x0000000084600000|  0%| F|  |TAMS 0x0000000084500000, 0x0000000084500000| Untracked 
|  60|0x0000000084600000, 0x0000000084600000, 0x0000000084700000|  0%| F|  |TAMS 0x0000000084600000, 0x0000000084600000| Untracked 
|  61|0x0000000084700000, 0x0000000084700000, 0x0000000084800000|  0%| F|  |TAMS 0x0000000084700000, 0x0000000084700000| Untracked 
|  62|0x0000000084800000, 0x0000000084800000, 0x0000000084900000|  0%| F|  |TAMS 0x0000000084800000, 0x0000000084800000| Untracked 
|  63|0x0000000084900000, 0x0000000084900000, 0x0000000084a00000|  0%| F|  |TAMS 0x0000000084900000, 0x0000000084900000| Untracked 
|  64|0x0000000084a00000, 0x0000000084a00000, 0x0000000084b00000|  0%| F|  |TAMS 0x0000000084a00000, 0x0000000084a00000| Untracked 
|  65|0x0000000084b00000, 0x0000000084b00000, 0x0000000084c00000|  0%| F|  |TAMS 0x0000000084b00000, 0x0000000084b00000| Untracked 
|  66|0x0000000084c00000, 0x0000000084c00000, 0x0000000084d00000|  0%| F|  |TAMS 0x0000000084c00000, 0x0000000084c00000| Untracked 
|  67|0x0000000084d00000, 0x0000000084d00000, 0x0000000084e00000|  0%| F|  |TAMS 0x0000000084d00000, 0x0000000084d00000| Untracked 
|  68|0x0000000084e00000, 0x0000000084e00000, 0x0000000084f00000|  0%| F|  |TAMS 0x0000000084e00000, 0x0000000084e00000| Untracked 
|  69|0x0000000084f00000, 0x0000000084f00000, 0x0000000085000000|  0%| F|  |TAMS 0x0000000084f00000, 0x0000000084f00000| Untracked 
|  70|0x0000000085000000, 0x0000000085000000, 0x0000000085100000|  0%| F|  |TAMS 0x0000000085000000, 0x0000000085000000| Untracked 
|  71|0x0000000085100000, 0x0000000085100000, 0x0000000085200000|  0%| F|  |TAMS 0x0000000085100000, 0x0000000085100000| Untracked 
|  72|0x0000000085200000, 0x0000000085200000, 0x0000000085300000|  0%| F|  |TAMS 0x0000000085200000, 0x0000000085200000| Untracked 
|  73|0x0000000085300000, 0x0000000085300000, 0x0000000085400000|  0%| F|  |TAMS 0x0000000085300000, 0x0000000085300000| Untracked 
|  74|0x0000000085400000, 0x0000000085400000, 0x0000000085500000|  0%| F|  |TAMS 0x0000000085400000, 0x0000000085400000| Untracked 
|  75|0x0000000085500000, 0x0000000085500000, 0x0000000085600000|  0%| F|  |TAMS 0x0000000085500000, 0x0000000085500000| Untracked 
|  76|0x0000000085600000, 0x0000000085600000, 0x0000000085700000|  0%| F|  |TAMS 0x0000000085600000, 0x0000000085600000| Untracked 
|  77|0x0000000085700000, 0x0000000085700000, 0x0000000085800000|  0%| F|  |TAMS 0x0000000085700000, 0x0000000085700000| Untracked 
|  78|0x0000000085800000, 0x0000000085800000, 0x0000000085900000|  0%| F|  |TAMS 0x0000000085800000, 0x0000000085800000| Untracked 
|  79|0x0000000085900000, 0x0000000085900000, 0x0000000085a00000|  0%| F|  |TAMS 0x0000000085900000, 0x0000000085900000| Untracked 
|  80|0x0000000085a00000, 0x0000000085a00000, 0x0000000085b00000|  0%| F|  |TAMS 0x0000000085a00000, 0x0000000085a00000| Untracked 
|  81|0x0000000085b00000, 0x0000000085b00000, 0x0000000085c00000|  0%| F|  |TAMS 0x0000000085b00000, 0x0000000085b00000| Untracked 
|  82|0x0000000085c00000, 0x0000000085c00000, 0x0000000085d00000|  0%| F|  |TAMS 0x0000000085c00000, 0x0000000085c00000| Untracked 
|  83|0x0000000085d00000, 0x0000000085d00000, 0x0000000085e00000|  0%| F|  |TAMS 0x0000000085d00000, 0x0000000085d00000| Untracked 
|  84|0x0000000085e00000, 0x0000000085e00000, 0x0000000085f00000|  0%| F|  |TAMS 0x0000000085e00000, 0x0000000085e00000| Untracked 
|  85|0x0000000085f00000, 0x0000000085f00000, 0x0000000086000000|  0%| F|  |TAMS 0x0000000085f00000, 0x0000000085f00000| Untracked 
|  86|0x0000000086000000, 0x0000000086000000, 0x0000000086100000|  0%| F|  |TAMS 0x0000000086000000, 0x0000000086000000| Untracked 
|  87|0x0000000086100000, 0x0000000086100000, 0x0000000086200000|  0%| F|  |TAMS 0x0000000086100000, 0x0000000086100000| Untracked 
|  88|0x0000000086200000, 0x0000000086200000, 0x0000000086300000|  0%| F|  |TAMS 0x0000000086200000, 0x0000000086200000| Untracked 
|  89|0x0000000086300000, 0x0000000086300000, 0x0000000086400000|  0%| F|  |TAMS 0x0000000086300000, 0x0000000086300000| Untracked 
|  90|0x0000000086400000, 0x0000000086400000, 0x0000000086500000|  0%| F|  |TAMS 0x0000000086400000, 0x0000000086400000| Untracked 
|  91|0x0000000086500000, 0x0000000086500000, 0x0000000086600000|  0%| F|  |TAMS 0x0000000086500000, 0x0000000086500000| Untracked 
|  92|0x0000000086600000, 0x0000000086600000, 0x0000000086700000|  0%| F|  |TAMS 0x0000000086600000, 0x0000000086600000| Untracked 
|  93|0x0000000086700000, 0x0000000086700000, 0x0000000086800000|  0%| F|  |TAMS 0x0000000086700000, 0x0000000086700000| Untracked 
|  94|0x0000000086800000, 0x0000000086800000, 0x0000000086900000|  0%| F|  |TAMS 0x0000000086800000, 0x0000000086800000| Untracked 
|  95|0x0000000086900000, 0x0000000086900000, 0x0000000086a00000|  0%| F|  |TAMS 0x0000000086900000, 0x0000000086900000| Untracked 
|  96|0x0000000086a00000, 0x0000000086a00000, 0x0000000086b00000|  0%| F|  |TAMS 0x0000000086a00000, 0x0000000086a00000| Untracked 
|  97|0x0000000086b00000, 0x0000000086b00000, 0x0000000086c00000|  0%| F|  |TAMS 0x0000000086b00000, 0x0000000086b00000| Untracked 
|  98|0x0000000086c00000, 0x0000000086c00000, 0x0000000086d00000|  0%| F|  |TAMS 0x0000000086c00000, 0x0000000086c00000| Untracked 
|  99|0x0000000086d00000, 0x0000000086d00000, 0x0000000086e00000|  0%| F|  |TAMS 0x0000000086d00000, 0x0000000086d00000| Untracked 
| 100|0x0000000086e00000, 0x0000000086e00000, 0x0000000086f00000|  0%| F|  |TAMS 0x0000000086e00000, 0x0000000086e00000| Untracked 
| 101|0x0000000086f00000, 0x0000000086f00000, 0x0000000087000000|  0%| F|  |TAMS 0x0000000086f00000, 0x0000000086f00000| Untracked 
| 102|0x0000000087000000, 0x0000000087000000, 0x0000000087100000|  0%| F|  |TAMS 0x0000000087000000, 0x0000000087000000| Untracked 
| 103|0x0000000087100000, 0x0000000087100000, 0x0000000087200000|  0%| F|  |TAMS 0x0000000087100000, 0x0000000087100000| Untracked 
| 104|0x0000000087200000, 0x0000000087200000, 0x0000000087300000|  0%| F|  |TAMS 0x0000000087200000, 0x0000000087200000| Untracked 
| 105|0x0000000087300000, 0x0000000087300000, 0x0000000087400000|  0%| F|  |TAMS 0x0000000087300000, 0x0000000087300000| Untracked 
| 106|0x0000000087400000, 0x0000000087400000, 0x0000000087500000|  0%| F|  |TAMS 0x0000000087400000, 0x0000000087400000| Untracked 
| 107|0x0000000087500000, 0x0000000087500000, 0x0000000087600000|  0%| F|  |TAMS 0x0000000087500000, 0x0000000087500000| Untracked 
| 108|0x0000000087600000, 0x0000000087600000, 0x0000000087700000|  0%| F|  |TAMS 0x0000000087600000, 0x0000000087600000| Untracked 
| 109|0x0000000087700000, 0x0000000087700000, 0x0000000087800000|  0%| F|  |TAMS 0x0000000087700000, 0x0000000087700000| Untracked 
| 110|0x0000000087800000, 0x0000000087800000, 0x0000000087900000|  0%| F|  |TAMS 0x0000000087800000, 0x0000000087800000| Untracked 
| 111|0x0000000087900000, 0x0000000087900000, 0x0000000087a00000|  0%| F|  |TAMS 0x0000000087900000, 0x0000000087900000| Untracked 
| 112|0x0000000087a00000, 0x0000000087a00000, 0x0000000087b00000|  0%| F|  |TAMS 0x0000000087a00000, 0x0000000087a00000| Untracked 
| 113|0x0000000087b00000, 0x0000000087b00000, 0x0000000087c00000|  0%| F|  |TAMS 0x0000000087b00000, 0x0000000087b00000| Untracked 
| 114|0x0000000087c00000, 0x0000000087c00000, 0x0000000087d00000|  0%| F|  |TAMS 0x0000000087c00000, 0x0000000087c00000| Untracked 
| 115|0x0000000087d00000, 0x0000000087d00000, 0x0000000087e00000|  0%| F|  |TAMS 0x0000000087d00000, 0x0000000087d00000| Untracked 
| 116|0x0000000087e00000, 0x0000000087e00000, 0x0000000087f00000|  0%| F|  |TAMS 0x0000000087e00000, 0x0000000087e00000| Untracked 
| 117|0x0000000087f00000, 0x0000000087f00000, 0x0000000088000000|  0%| F|  |TAMS 0x0000000087f00000, 0x0000000087f00000| Untracked 
| 118|0x0000000088000000, 0x0000000088000000, 0x0000000088100000|  0%| F|  |TAMS 0x0000000088000000, 0x0000000088000000| Untracked 
| 119|0x0000000088100000, 0x0000000088100000, 0x0000000088200000|  0%| F|  |TAMS 0x0000000088100000, 0x0000000088100000| Untracked 
| 120|0x0000000088200000, 0x0000000088200000, 0x0000000088300000|  0%| F|  |TAMS 0x0000000088200000, 0x0000000088200000| Untracked 
| 121|0x0000000088300000, 0x0000000088300000, 0x0000000088400000|  0%| F|  |TAMS 0x0000000088300000, 0x0000000088300000| Untracked 
| 122|0x0000000088400000, 0x0000000088400000, 0x0000000088500000|  0%| F|  |TAMS 0x0000000088400000, 0x0000000088400000| Untracked 
| 123|0x0000000088500000, 0x0000000088500000, 0x0000000088600000|  0%| F|  |TAMS 0x0000000088500000, 0x0000000088500000| Untracked 
| 124|0x0000000088600000, 0x0000000088600000, 0x0000000088700000|  0%| F|  |TAMS 0x0000000088600000, 0x0000000088600000| Untracked 
| 125|0x0000000088700000, 0x0000000088700000, 0x0000000088800000|  0%| F|  |TAMS 0x0000000088700000, 0x0000000088700000| Untracked 
| 126|0x0000000088800000, 0x0000000088800000, 0x0000000088900000|  0%| F|  |TAMS 0x0000000088800000, 0x0000000088800000| Untracked 
| 127|0x0000000088900000, 0x0000000088900000, 0x0000000088a00000|  0%| F|  |TAMS 0x0000000088900000, 0x0000000088900000| Untracked 

Card table byte_map: [0x000001a799a60000,0x000001a799e60000] _byte_map_base: 0x000001a79965b000

Marking Bits (Prev, Next): (CMBitMap*) 0x000001a792feeec0, (CMBitMap*) 0x000001a792feef00
 Prev Bits: [0x000001a79a260000, 0x000001a79c238000)
 Next Bits: [0x000001a79c240000, 0x000001a79e218000)

Polling page: 0x000001a790db0000

Metaspace:

Usage:
  Non-class:     52.53 MB used.
      Class:      8.23 MB used.
       Both:     60.76 MB used.

Virtual space:
  Non-class space:       56.00 MB reserved,      52.81 MB ( 94%) committed,  7 nodes.
      Class space:        1.00 GB reserved,       8.44 MB ( <1%) committed,  1 nodes.
             Both:        1.05 GB reserved,      61.25 MB (  6%) committed. 

Chunk freelists:
   Non-Class:  3.18 MB
       Class:  3.59 MB
        Both:  6.77 MB

MaxMetaspaceSize: unlimited
CompressedClassSpaceSize: 1.00 GB
Initial GC threshold: 21.00 MB
Current GC threshold: 102.00 MB
CDS: off
MetaspaceReclaimPolicy: balanced
 - commit_granule_bytes: 65536.
 - commit_granule_words: 8192.
 - virtual_space_node_default_size: 1048576.
 - enlarge_chunks_in_place: 1.
 - new_chunks_are_fully_committed: 0.
 - uncommit_free_chunks: 1.
 - use_allocation_guard: 0.
 - handle_deallocations: 1.


Internal statistics:

num_allocs_failed_limit: 11.
num_arena_births: 532.
num_arena_deaths: 2.
num_vsnodes_births: 8.
num_vsnodes_deaths: 0.
num_space_committed: 980.
num_space_uncommitted: 0.
num_chunks_returned_to_freelist: 14.
num_chunks_taken_from_freelist: 2499.
num_chunk_merges: 11.
num_chunk_splits: 1771.
num_chunks_enlarged: 1363.
num_purges: 2.
num_inconsistent_stats: 0.

CodeCache: size=49152Kb used=10018Kb max_used=10018Kb free=39133Kb
 bounds [0x000001a796660000, 0x000001a797030000, 0x000001a799660000]
 total_blobs=5314 nmethods=4711 adapters=527
 compilation: enabled
              stopped_count=0, restarted_count=0
 full_count=0

Compilation events (20 events):
Event: 9.599 Thread 0x000001a7a1022cd0 4702       1       java.util.concurrent.ConcurrentLinkedQueue::offer (120 bytes)
Event: 9.599 Thread 0x000001a7a116a090 4701       1       java.util.concurrent.ConcurrentLinkedQueue::add (6 bytes)
Event: 9.599 Thread 0x000001a7a116a5a0 4703       1       java.util.concurrent.ConcurrentLinkedQueue$Node::<init> (13 bytes)
Event: 9.599 Thread 0x000001a7a116a090 nmethod 4701 0x000001a79701e790 code [0x000001a79701e920, 0x000001a79701ea08]
Event: 9.600 Thread 0x000001a7a116a5a0 nmethod 4703 0x000001a79701ea90 code [0x000001a79701ec60, 0x000001a79701ef98]
Event: 9.600 Thread 0x000001a7a1022cd0 nmethod 4702 0x000001a79701f110 code [0x000001a79701f360, 0x000001a79701fc18]
Event: 9.601 Thread 0x000001a7a116a5a0 4704       1       sun.nio.fs.WindowsChannelFactory::newFileChannel (130 bytes)
Event: 9.601 Thread 0x000001a7a116a090 4705       1       sun.nio.fs.WindowsChannelFactory$Flags::toFlags (320 bytes)
Event: 9.601 Thread 0x000001a7a1022cd0 4706       1       sun.nio.fs.WindowsChannelFactory$Flags::<init> (20 bytes)
Event: 9.601 Thread 0x000001a7a1022cd0 nmethod 4706 0x000001a797020010 code [0x000001a7970201a0, 0x000001a797020278]
Event: 9.601 Thread 0x000001a7a1022cd0 4707   !   1       sun.nio.fs.WindowsChannelFactory::open (457 bytes)
Event: 9.601 Thread 0x000001a7a116a5a0 nmethod 4704 0x000001a797020310 code [0x000001a7970204e0, 0x000001a797020848]
Event: 9.601 Thread 0x000001a7a116a5a0 4708   !   1       sun.nio.fs.WindowsNativeDispatcher::CreateFile (41 bytes)
Event: 9.602 Thread 0x000001a7a116a090 nmethod 4705 0x000001a797020a10 code [0x000001a797020cc0, 0x000001a797021878]
Event: 9.602 Thread 0x000001a7a116a5a0 nmethod 4708 0x000001a797021e10 code [0x000001a797021fc0, 0x000001a797022178]
Event: 9.602 Thread 0x000001a7a1022cd0 nmethod 4707 0x000001a797022790 code [0x000001a7970229e0, 0x000001a797023208]
Event: 9.606 Thread 0x000001a7a1022cd0 4710       1       java.util.ComparableTimSort::mergeHi (729 bytes)
Event: 9.608 Thread 0x000001a7a1022cd0 nmethod 4710 0x000001a797023690 code [0x000001a797023980, 0x000001a7970251d8]
Event: 9.609 Thread 0x000001a7a1022cd0 4711   !   1       sun.nio.fs.WindowsLinkSupport::getRealPath (500 bytes)
Event: 9.613 Thread 0x000001a7a1022cd0 nmethod 4711 0x000001a797025910 code [0x000001a797025e00, 0x000001a797027658]

GC Heap History (20 events):
Event: 6.886 GC heap after
{Heap after GC invocations=16 (full 0):
 garbage-first heap   total 58368K, used 21143K [0x0000000080a00000, 0x0000000100000000)
  region size 1024K, 4 young (4096K), 4 survivors (4096K)
 Metaspace       used 53477K, committed 53824K, reserved 1097728K
  class space    used 7076K, committed 7232K, reserved 1048576K
}
Event: 7.705 GC heap before
{Heap before GC invocations=16 (full 0):
 garbage-first heap   total 58368K, used 44695K [0x0000000080a00000, 0x0000000100000000)
  region size 1024K, 27 young (27648K), 4 survivors (4096K)
 Metaspace       used 58518K, committed 58944K, reserved 1105920K
  class space    used 7897K, committed 8064K, reserved 1048576K
}
Event: 7.711 GC heap after
{Heap after GC invocations=17 (full 0):
 garbage-first heap   total 58368K, used 22465K [0x0000000080a00000, 0x0000000100000000)
  region size 1024K, 3 young (3072K), 3 survivors (3072K)
 Metaspace       used 58518K, committed 58944K, reserved 1105920K
  class space    used 7897K, committed 8064K, reserved 1048576K
}
Event: 8.407 GC heap before
{Heap before GC invocations=17 (full 0):
 garbage-first heap   total 58368K, used 33729K [0x0000000080a00000, 0x0000000100000000)
  region size 1024K, 15 young (15360K), 3 survivors (3072K)
 Metaspace       used 60186K, committed 60608K, reserved 1105920K
  class space    used 8136K, committed 8384K, reserved 1048576K
}
Event: 8.412 GC heap after
{Heap after GC invocations=18 (full 0):
 garbage-first heap   total 58368K, used 23635K [0x0000000080a00000, 0x0000000100000000)
  region size 1024K, 3 young (3072K), 3 survivors (3072K)
 Metaspace       used 60186K, committed 60608K, reserved 1105920K
  class space    used 8136K, committed 8384K, reserved 1048576K
}
Event: 9.046 GC heap before
{Heap before GC invocations=19 (full 0):
 garbage-first heap   total 58368K, used 46163K [0x0000000080a00000, 0x0000000100000000)
  region size 1024K, 25 young (25600K), 3 survivors (3072K)
 Metaspace       used 62122K, committed 62592K, reserved 1105920K
  class space    used 8414K, committed 8640K, reserved 1048576K
}
Event: 9.053 GC heap after
{Heap after GC invocations=20 (full 0):
 garbage-first heap   total 58368K, used 27821K [0x0000000080a00000, 0x0000000100000000)
  region size 1024K, 4 young (4096K), 4 survivors (4096K)
 Metaspace       used 62122K, committed 62592K, reserved 1105920K
  class space    used 8414K, committed 8640K, reserved 1048576K
}
Event: 9.059 GC heap before
{Heap before GC invocations=20 (full 0):
 garbage-first heap   total 58368K, used 28845K [0x0000000080a00000, 0x0000000100000000)
  region size 1024K, 5 young (5120K), 4 survivors (4096K)
 Metaspace       used 62122K, committed 62592K, reserved 1105920K
  class space    used 8414K, committed 8640K, reserved 1048576K
}
Event: 9.066 GC heap after
{Heap after GC invocations=21 (full 0):
 garbage-first heap   total 58368K, used 28685K [0x0000000080a00000, 0x0000000100000000)
  region size 1024K, 1 young (1024K), 1 survivors (1024K)
 Metaspace       used 62122K, committed 62592K, reserved 1105920K
  class space    used 8414K, committed 8640K, reserved 1048576K
}
Event: 9.149 GC heap before
{Heap before GC invocations=21 (full 0):
 garbage-first heap   total 58368K, used 44045K [0x0000000080a00000, 0x0000000100000000)
  region size 1024K, 17 young (17408K), 1 survivors (1024K)
 Metaspace       used 62122K, committed 62592K, reserved 1105920K
  class space    used 8414K, committed 8640K, reserved 1048576K
}
Event: 9.154 GC heap after
{Heap after GC invocations=22 (full 0):
 garbage-first heap   total 70656K, used 31772K [0x0000000080a00000, 0x0000000100000000)
  region size 1024K, 3 young (3072K), 3 survivors (3072K)
 Metaspace       used 62122K, committed 62592K, reserved 1105920K
  class space    used 8414K, committed 8640K, reserved 1048576K
}
Event: 9.351 GC heap before
{Heap before GC invocations=23 (full 0):
 garbage-first heap   total 70656K, used 53276K [0x0000000080a00000, 0x0000000100000000)
  region size 1024K, 24 young (24576K), 3 survivors (3072K)
 Metaspace       used 62206K, committed 62656K, reserved 1105920K
  class space    used 8425K, committed 8640K, reserved 1048576K
}
Event: 9.360 GC heap after
{Heap after GC invocations=24 (full 0):
 garbage-first heap   total 70656K, used 36864K [0x0000000080a00000, 0x0000000100000000)
  region size 1024K, 3 young (3072K), 3 survivors (3072K)
 Metaspace       used 62206K, committed 62656K, reserved 1105920K
  class space    used 8425K, committed 8640K, reserved 1048576K
}
Event: 9.367 GC heap before
{Heap before GC invocations=24 (full 0):
 garbage-first heap   total 70656K, used 37888K [0x0000000080a00000, 0x0000000100000000)
  region size 1024K, 4 young (4096K), 3 survivors (3072K)
 Metaspace       used 62206K, committed 62656K, reserved 1105920K
  class space    used 8425K, committed 8640K, reserved 1048576K
}
Event: 9.371 GC heap after
{Heap after GC invocations=25 (full 0):
 garbage-first heap   total 70656K, used 37449K [0x0000000080a00000, 0x0000000100000000)
  region size 1024K, 1 young (1024K), 1 survivors (1024K)
 Metaspace       used 62206K, committed 62656K, reserved 1105920K
  class space    used 8425K, committed 8640K, reserved 1048576K
}
Event: 9.422 GC heap before
{Heap before GC invocations=25 (full 0):
 garbage-first heap   total 70656K, used 53833K [0x0000000080a00000, 0x0000000100000000)
  region size 1024K, 17 young (17408K), 1 survivors (1024K)
 Metaspace       used 62206K, committed 62656K, reserved 1105920K
  class space    used 8425K, committed 8640K, reserved 1048576K
}
Event: 9.428 GC heap after
{Heap after GC invocations=26 (full 0):
 garbage-first heap   total 70656K, used 42780K [0x0000000080a00000, 0x0000000100000000)
  region size 1024K, 3 young (3072K), 3 survivors (3072K)
 Metaspace       used 62206K, committed 62656K, reserved 1105920K
  class space    used 8425K, committed 8640K, reserved 1048576K
}
Event: 9.557 GC heap before
{Heap before GC invocations=26 (full 0):
 garbage-first heap   total 70656K, used 55068K [0x0000000080a00000, 0x0000000100000000)
  region size 1024K, 15 young (15360K), 3 survivors (3072K)
 Metaspace       used 62215K, committed 62720K, reserved 1105920K
  class space    used 8427K, committed 8640K, reserved 1048576K
}
Event: 9.563 GC heap after
{Heap after GC invocations=27 (full 0):
 garbage-first heap   total 70656K, used 45459K [0x0000000080a00000, 0x0000000100000000)
  region size 1024K, 2 young (2048K), 2 survivors (2048K)
 Metaspace       used 62215K, committed 62720K, reserved 1105920K
  class space    used 8427K, committed 8640K, reserved 1048576K
}
Event: 9.623 GC heap before
{Heap before GC invocations=27 (full 0):
 garbage-first heap   total 70656K, used 54675K [0x0000000080a00000, 0x0000000100000000)
  region size 1024K, 12 young (12288K), 2 survivors (2048K)
 Metaspace       used 62215K, committed 62720K, reserved 1105920K
  class space    used 8427K, committed 8640K, reserved 1048576K
}

Deoptimization events (16 events):
Event: 1.265 Thread 0x000001a792fadc30 DEOPT PACKING pc=0x000001a79691e975 sp=0x0000003cf90fdbe0
Event: 1.265 Thread 0x000001a792fadc30 DEOPT UNPACKING pc=0x000001a7966b2b43 sp=0x0000003cf90fd038 mode 3
Event: 2.463 Thread 0x000001a7a1b6a050 DEOPT PACKING pc=0x000001a796b98999 sp=0x0000003cfaefc900
Event: 2.463 Thread 0x000001a7a1b6a050 DEOPT UNPACKING pc=0x000001a7966b2b43 sp=0x0000003cfaefbde0 mode 3
Event: 2.763 Thread 0x000001a7a1b6a050 DEOPT PACKING pc=0x000001a796bfad05 sp=0x0000003cfaefdca0
Event: 2.763 Thread 0x000001a7a1b6a050 DEOPT UNPACKING pc=0x000001a7966b2b43 sp=0x0000003cfaefd200 mode 3
Event: 4.205 Thread 0x000001a7a1b6a050 DEOPT PACKING pc=0x000001a796da6575 sp=0x0000003cfaefc260
Event: 4.205 Thread 0x000001a7a1b6a050 DEOPT UNPACKING pc=0x000001a7966b2b43 sp=0x0000003cfaefb6d0 mode 3
Event: 4.889 Thread 0x000001a7a1b6a050 DEOPT PACKING pc=0x000001a796e29d7d sp=0x0000003cfaefc8c0
Event: 4.889 Thread 0x000001a7a1b6a050 DEOPT UNPACKING pc=0x000001a7966b2b43 sp=0x0000003cfaefbe28 mode 3
Event: 8.758 Thread 0x000001a7a1b6a050 DEOPT PACKING pc=0x000001a796b87652 sp=0x0000003cfaefd400
Event: 8.758 Thread 0x000001a7a1b6a050 DEOPT UNPACKING pc=0x000001a7966b2b43 sp=0x0000003cfaefc908 mode 3
Event: 8.758 Thread 0x000001a7a1b6a050 DEOPT PACKING pc=0x000001a796b7f845 sp=0x0000003cfaefd3c0
Event: 8.758 Thread 0x000001a7a1b6a050 DEOPT UNPACKING pc=0x000001a7966b2b43 sp=0x0000003cfaefc908 mode 3
Event: 8.946 Thread 0x000001a7a1b6a050 DEOPT PACKING pc=0x000001a796f6c9ab sp=0x0000003cfaefc6d0
Event: 8.946 Thread 0x000001a7a1b6a050 DEOPT UNPACKING pc=0x000001a7966b2b43 sp=0x0000003cfaefbc18 mode 3

Classes unloaded (1 events):
Event: 9.213 Thread 0x000001a7a04b7bc0 Unloading class 0x00000001007e0000 'jdk/internal/reflect/GeneratedSerializationConstructorAccessor18'

Classes redefined (0 events):
No events

Internal exceptions (20 events):
Event: 9.517 Thread 0x000001a7a1bfcc40 Exception <a 'sun/nio/fs/WindowsException'{0x0000000084c0a2e8}> (0x0000000084c0a2e8) 
thrown [e:\jenkins\tmp\workspace\build\src\src\hotspot\share\prims\jni.cpp, line 516]
Event: 9.518 Thread 0x000001a7a1bfcc40 Exception <a 'sun/nio/fs/WindowsException'{0x0000000084c0a630}> (0x0000000084c0a630) 
thrown [e:\jenkins\tmp\workspace\build\src\src\hotspot\share\prims\jni.cpp, line 516]
Event: 9.518 Thread 0x000001a7a1bfcc40 Exception <a 'sun/nio/fs/WindowsException'{0x0000000084c0aff0}> (0x0000000084c0aff0) 
thrown [e:\jenkins\tmp\workspace\build\src\src\hotspot\share\prims\jni.cpp, line 516]
Event: 9.518 Thread 0x000001a7a1bfcc40 Exception <a 'sun/nio/fs/WindowsException'{0x0000000084c0b370}> (0x0000000084c0b370) 
thrown [e:\jenkins\tmp\workspace\build\src\src\hotspot\share\prims\jni.cpp, line 516]
Event: 9.518 Thread 0x000001a7a1bfcc40 Exception <a 'sun/nio/fs/WindowsException'{0x0000000084c0bd08}> (0x0000000084c0bd08) 
thrown [e:\jenkins\tmp\workspace\build\src\src\hotspot\share\prims\jni.cpp, line 516]
Event: 9.518 Thread 0x000001a7a1bfcc40 Exception <a 'sun/nio/fs/WindowsException'{0x0000000084c0c058}> (0x0000000084c0c058) 
thrown [e:\jenkins\tmp\workspace\build\src\src\hotspot\share\prims\jni.cpp, line 516]
Event: 9.518 Thread 0x000001a7a1bfcc40 Exception <a 'sun/nio/fs/WindowsException'{0x0000000084c0c9b8}> (0x0000000084c0c9b8) 
thrown [e:\jenkins\tmp\workspace\build\src\src\hotspot\share\prims\jni.cpp, line 516]
Event: 9.518 Thread 0x000001a7a1bfcc40 Exception <a 'sun/nio/fs/WindowsException'{0x0000000084c37f08}> (0x0000000084c37f08) 
thrown [e:\jenkins\tmp\workspace\build\src\src\hotspot\share\prims\jni.cpp, line 516]
Event: 9.518 Thread 0x000001a7a1bfcc40 Exception <a 'sun/nio/fs/WindowsException'{0x0000000084c38878}> (0x0000000084c38878) 
thrown [e:\jenkins\tmp\workspace\build\src\src\hotspot\share\prims\jni.cpp, line 516]
Event: 9.518 Thread 0x000001a7a1bfcc40 Exception <a 'sun/nio/fs/WindowsException'{0x0000000084c38ba8}> (0x0000000084c38ba8) 
thrown [e:\jenkins\tmp\workspace\build\src\src\hotspot\share\prims\jni.cpp, line 516]
Event: 9.518 Thread 0x000001a7a1bfcc40 Exception <a 'sun/nio/fs/WindowsException'{0x0000000084c39518}> (0x0000000084c39518) 
thrown [e:\jenkins\tmp\workspace\build\src\src\hotspot\share\prims\jni.cpp, line 516]
Event: 9.518 Thread 0x000001a7a1bfcc40 Exception <a 'sun/nio/fs/WindowsException'{0x0000000084c39838}> (0x0000000084c39838) 
thrown [e:\jenkins\tmp\workspace\build\src\src\hotspot\share\prims\jni.cpp, line 516]
Event: 9.519 Thread 0x000001a7a1bfcc40 Exception <a 'sun/nio/fs/WindowsException'{0x0000000084c3a1a8}> (0x0000000084c3a1a8) 
thrown [e:\jenkins\tmp\workspace\build\src\src\hotspot\share\prims\jni.cpp, line 516]
Event: 9.519 Thread 0x000001a7a1bfcc40 Exception <a 'sun/nio/fs/WindowsException'{0x0000000084c3a4d8}> (0x0000000084c3a4d8) 
thrown [e:\jenkins\tmp\workspace\build\src\src\hotspot\share\prims\jni.cpp, line 516]
Event: 9.519 Thread 0x000001a7a1bfcc40 Exception <a 'sun/nio/fs/WindowsException'{0x0000000084c3ae70}> (0x0000000084c3ae70) 
thrown [e:\jenkins\tmp\workspace\build\src\src\hotspot\share\prims\jni.cpp, line 516]
Event: 9.519 Thread 0x000001a7a1bfcc40 Exception <a 'sun/nio/fs/WindowsException'{0x0000000084c3b1c0}> (0x0000000084c3b1c0) 
thrown [e:\jenkins\tmp\workspace\build\src\src\hotspot\share\prims\jni.cpp, line 516]
Event: 9.519 Thread 0x000001a7a1bfcc40 Exception <a 'sun/nio/fs/WindowsException'{0x0000000084c3bb68}> (0x0000000084c3bb68) 
thrown [e:\jenkins\tmp\workspace\build\src\src\hotspot\share\prims\jni.cpp, line 516]
Event: 9.519 Thread 0x000001a7a1bfcc40 Exception <a 'sun/nio/fs/WindowsException'{0x0000000084c3bec8}> (0x0000000084c3bec8) 
thrown [e:\jenkins\tmp\workspace\build\src\src\hotspot\share\prims\jni.cpp, line 516]
Event: 9.519 Thread 0x000001a7a1bfcc40 Exception <a 'sun/nio/fs/WindowsException'{0x0000000084c3c860}> (0x0000000084c3c860) 
thrown [e:\jenkins\tmp\workspace\build\src\src\hotspot\share\prims\jni.cpp, line 516]
Event: 9.519 Thread 0x000001a7a1bfcc40 Exception <a 'sun/nio/fs/WindowsException'{0x0000000084c3cbc0}> (0x0000000084c3cbc0) 
thrown [e:\jenkins\tmp\workspace\build\src\src\hotspot\share\prims\jni.cpp, line 516]

VM Operations (20 events):
Event: 9.599 Executing VM operation: ICBufferFull done
Event: 9.602 Executing VM operation: ICBufferFull
Event: 9.602 Executing VM operation: ICBufferFull done
Event: 9.605 Executing VM operation: ICBufferFull
Event: 9.606 Executing VM operation: ICBufferFull done
Event: 9.607 Executing VM operation: ICBufferFull
Event: 9.608 Executing VM operation: ICBufferFull done
Event: 9.609 Executing VM operation: ICBufferFull
Event: 9.609 Executing VM operation: ICBufferFull done
Event: 9.612 Executing VM operation: ICBufferFull
Event: 9.613 Executing VM operation: ICBufferFull done
Event: 9.615 Executing VM operation: ICBufferFull
Event: 9.618 Executing VM operation: ICBufferFull done
Event: 9.618 Executing VM operation: ICBufferFull
Event: 9.618 Executing VM operation: ICBufferFull done
Event: 9.619 Executing VM operation: ICBufferFull
Event: 9.619 Executing VM operation: ICBufferFull done
Event: 9.621 Executing VM operation: ICBufferFull
Event: 9.621 Executing VM operation: ICBufferFull done
Event: 9.623 Executing VM operation: G1CollectForAllocation

Events (20 events):
Event: 9.440 Thread 0x000001a7a1bfb430 Thread added: 0x000001a7a1bfb430
Event: 9.440 Thread 0x000001a7a1bfb900 Thread added: 0x000001a7a1bfb900
Event: 9.440 Thread 0x000001a7a1bfc2a0 Thread added: 0x000001a7a1bfc2a0
Event: 9.440 Thread 0x000001a7a5a13f20 Thread added: 0x000001a7a5a13f20
Event: 9.448 Thread 0x000001a7a1bf9c20 Thread exited: 0x000001a7a1bf9c20
Event: 9.448 Thread 0x000001a7a1bfaf60 Thread exited: 0x000001a7a1bfaf60
Event: 9.448 Thread 0x000001a7a1bfb430 Thread exited: 0x000001a7a1bfb430
Event: 9.448 Thread 0x000001a7a1bfc2a0 Thread exited: 0x000001a7a1bfc2a0
Event: 9.448 Thread 0x000001a7a1bfcc40 Thread exited: 0x000001a7a1bfcc40
Event: 9.448 Thread 0x000001a7a1bfd5e0 Thread exited: 0x000001a7a1bfd5e0
Event: 9.448 Thread 0x000001a7a5a13f20 Thread exited: 0x000001a7a5a13f20
Event: 9.448 Thread 0x000001a7a1bfb900 Thread exited: 0x000001a7a1bfb900
Event: 9.510 Thread 0x000001a7a1bfaf60 Thread added: 0x000001a7a1bfaf60
Event: 9.511 Thread 0x000001a7a1bfcc40 Thread added: 0x000001a7a1bfcc40
Event: 9.511 Thread 0x000001a7a1bfb430 Thread added: 0x000001a7a1bfb430
Event: 9.511 Thread 0x000001a7a1bfd5e0 Thread added: 0x000001a7a1bfd5e0
Event: 9.511 Thread 0x000001a7a1bfc2a0 Thread added: 0x000001a7a1bfc2a0
Event: 9.512 Thread 0x000001a7a1bfb900 Thread added: 0x000001a7a1bfb900
Event: 9.512 Thread 0x000001a7a1bf9c20 Thread added: 0x000001a7a1bf9c20
Event: 9.512 Thread 0x000001a7a5a0e880 Thread added: 0x000001a7a5a0e880


Dynamic libraries:
0x00007ff7fed90000 - 0x00007ff7fed9e000 	C:\spring-tool-suite-4-4.14.1\contents\sts-4.14.1.RELEASE\plugins\org.eclipse.justj.openjdk.hotspot.jre.full.win32.x86_64_17.0.2.v20220201-1208\jre\bin\javaw.exe
0x00007ffc6b610000 - 0x00007ffc6b808000 	C:\Windows\SYSTEM32\ntdll.dll
0x00007ffc69850000 - 0x00007ffc6990d000 	C:\Windows\System32\KERNEL32.DLL
0x00007ffc692a0000 - 0x00007ffc6956e000 	C:\Windows\System32\KERNELBASE.dll
0x00007ffc69570000 - 0x00007ffc69670000 	C:\Windows\System32\ucrtbase.dll
0x00007ffc63de0000 - 0x00007ffc63df8000 	C:\spring-tool-suite-4-4.14.1\contents\sts-4.14.1.RELEASE\plugins\org.eclipse.justj.openjdk.hotspot.jre.full.win32.x86_64_17.0.2.v20220201-1208\jre\bin\jli.dll
0x00007ffc6aaa0000 - 0x00007ffc6ac40000 	C:\Windows\System32\USER32.dll
0x00007ffc68f10000 - 0x00007ffc68f32000 	C:\Windows\System32\win32u.dll
0x00007ffc69820000 - 0x00007ffc6984a000 	C:\Windows\System32\GDI32.dll
0x00007ffc68dd0000 - 0x00007ffc68edb000 	C:\Windows\System32\gdi32full.dll
0x00007ffc68d30000 - 0x00007ffc68dcd000 	C:\Windows\System32\msvcp_win.dll
0x00007ffc64070000 - 0x00007ffc64089000 	C:\spring-tool-suite-4-4.14.1\contents\sts-4.14.1.RELEASE\plugins\org.eclipse.justj.openjdk.hotspot.jre.full.win32.x86_64_17.0.2.v20220201-1208\jre\bin\VCRUNTIME140.dll
0x00007ffc4ed60000 - 0x00007ffc4effa000 	C:\Windows\WinSxS\amd64_microsoft.windows.common-controls_6595b64144ccf1df_6.0.19041.1110_none_60b5254171f9507e\COMCTL32.dll
0x00007ffc6a2e0000 - 0x00007ffc6a37e000 	C:\Windows\System32\msvcrt.dll
0x00007ffc6b5a0000 - 0x00007ffc6b5d0000 	C:\Windows\System32\IMM32.DLL
0x00007ffc640b0000 - 0x00007ffc640bc000 	C:\spring-tool-suite-4-4.14.1\contents\sts-4.14.1.RELEASE\plugins\org.eclipse.justj.openjdk.hotspot.jre.full.win32.x86_64_17.0.2.v20220201-1208\jre\bin\vcruntime140_1.dll
0x00007ffc56fb0000 - 0x00007ffc57041000 	C:\spring-tool-suite-4-4.14.1\contents\sts-4.14.1.RELEASE\plugins\org.eclipse.justj.openjdk.hotspot.jre.full.win32.x86_64_17.0.2.v20220201-1208\jre\bin\msvcp140.dll
0x00007ffc0dc70000 - 0x00007ffc0e8b7000 	C:\spring-tool-suite-4-4.14.1\contents\sts-4.14.1.RELEASE\plugins\org.eclipse.justj.openjdk.hotspot.jre.full.win32.x86_64_17.0.2.v20220201-1208\jre\bin\server\jvm.dll
0x00007ffc69910000 - 0x00007ffc699be000 	C:\Windows\System32\ADVAPI32.dll
0x00007ffc69ae0000 - 0x00007ffc69b7c000 	C:\Windows\System32\sechost.dll
0x00007ffc6a380000 - 0x00007ffc6a4a5000 	C:\Windows\System32\RPCRT4.dll
0x00007ffc6a920000 - 0x00007ffc6a928000 	C:\Windows\System32\PSAPI.DLL
0x00007ffc53220000 - 0x00007ffc53229000 	C:\Windows\SYSTEM32\WSOCK32.dll
0x00007ffc6aa30000 - 0x00007ffc6aa9b000 	C:\Windows\System32\WS2_32.dll
0x00007ffc612b0000 - 0x00007ffc612d7000 	C:\Windows\SYSTEM32\WINMM.dll
0x00007ffc62870000 - 0x00007ffc6287a000 	C:\Windows\SYSTEM32\VERSION.dll
0x00007ffc66c10000 - 0x00007ffc66c22000 	C:\Windows\SYSTEM32\kernel.appcore.dll
0x00007ffc64090000 - 0x00007ffc6409a000 	C:\spring-tool-suite-4-4.14.1\contents\sts-4.14.1.RELEASE\plugins\org.eclipse.justj.openjdk.hotspot.jre.full.win32.x86_64_17.0.2.v20220201-1208\jre\bin\jimage.dll
0x00007ffc55d40000 - 0x00007ffc55f24000 	C:\Windows\SYSTEM32\DBGHELP.DLL
0x00007ffc53110000 - 0x00007ffc5313c000 	C:\Windows\SYSTEM32\dbgcore.DLL
0x00007ffc69210000 - 0x00007ffc69292000 	C:\Windows\System32\bcryptPrimitives.dll
0x00007ffc639c0000 - 0x00007ffc639e5000 	C:\spring-tool-suite-4-4.14.1\contents\sts-4.14.1.RELEASE\plugins\org.eclipse.justj.openjdk.hotspot.jre.full.win32.x86_64_17.0.2.v20220201-1208\jre\bin\java.dll
0x00007ffc63d10000 - 0x00007ffc63d28000 	C:\spring-tool-suite-4-4.14.1\contents\sts-4.14.1.RELEASE\plugins\org.eclipse.justj.openjdk.hotspot.jre.full.win32.x86_64_17.0.2.v20220201-1208\jre\bin\zip.dll
0x00007ffc6ac40000 - 0x00007ffc6b384000 	C:\Windows\System32\SHELL32.dll
0x00007ffc66e10000 - 0x00007ffc675a4000 	C:\Windows\SYSTEM32\windows.storage.dll
0x00007ffc69c00000 - 0x00007ffc69f54000 	C:\Windows\System32\combase.dll
0x00007ffc686b0000 - 0x00007ffc686e0000 	C:\Windows\SYSTEM32\Wldp.dll
0x00007ffc6a020000 - 0x00007ffc6a0cd000 	C:\Windows\System32\SHCORE.dll
0x00007ffc69b80000 - 0x00007ffc69bd5000 	C:\Windows\System32\shlwapi.dll
0x00007ffc68c70000 - 0x00007ffc68c8f000 	C:\Windows\SYSTEM32\profapi.dll
0x00007ffc63930000 - 0x00007ffc63949000 	C:\spring-tool-suite-4-4.14.1\contents\sts-4.14.1.RELEASE\plugins\org.eclipse.justj.openjdk.hotspot.jre.full.win32.x86_64_17.0.2.v20220201-1208\jre\bin\net.dll
0x00007ffc58f10000 - 0x00007ffc5901a000 	C:\Windows\SYSTEM32\WINHTTP.dll
0x00007ffc68420000 - 0x00007ffc6848a000 	C:\Windows\system32\mswsock.dll
0x00007ffc63910000 - 0x00007ffc63925000 	C:\spring-tool-suite-4-4.14.1\contents\sts-4.14.1.RELEASE\plugins\org.eclipse.justj.openjdk.hotspot.jre.full.win32.x86_64_17.0.2.v20220201-1208\jre\bin\nio.dll
0x00007ffc640c0000 - 0x00007ffc640c9000 	C:\spring-tool-suite-4-4.14.1\contents\sts-4.14.1.RELEASE\plugins\org.eclipse.justj.openjdk.hotspot.jre.full.win32.x86_64_17.0.2.v20220201-1208\jre\bin\management.dll
0x00007ffc64060000 - 0x00007ffc6406b000 	C:\spring-tool-suite-4-4.14.1\contents\sts-4.14.1.RELEASE\plugins\org.eclipse.justj.openjdk.hotspot.jre.full.win32.x86_64_17.0.2.v20220201-1208\jre\bin\management_ext.dll
0x00007ffc5cac0000 - 0x00007ffc5cad7000 	C:\Windows\system32\napinsp.dll
0x00007ffc56260000 - 0x00007ffc5627b000 	C:\Windows\system32\pnrpnsp.dll
0x00007ffc42830000 - 0x00007ffc42845000 	C:\Windows\system32\wshbth.dll
0x00007ffc64750000 - 0x00007ffc6476d000 	C:\Windows\system32\NLAapi.dll
0x00007ffc68130000 - 0x00007ffc6816b000 	C:\Windows\SYSTEM32\IPHLPAPI.DLL
0x00007ffc68170000 - 0x00007ffc6823a000 	C:\Windows\SYSTEM32\DNSAPI.dll
0x00007ffc6a990000 - 0x00007ffc6a998000 	C:\Windows\System32\NSI.dll
0x00007ffc4e3d0000 - 0x00007ffc4e3e2000 	C:\Windows\System32\winrnr.dll
0x00007ffc58c60000 - 0x00007ffc58c6a000 	C:\Windows\System32\rasadhlp.dll
0x00007ffc58940000 - 0x00007ffc589c0000 	C:\Windows\System32\fwpuclnt.dll
0x00007ffc68ee0000 - 0x00007ffc68f07000 	C:\Windows\System32\bcrypt.dll
0x00007ffc689f0000 - 0x00007ffc68a08000 	C:\Windows\SYSTEM32\CRYPTSP.dll
0x00007ffc67d60000 - 0x00007ffc67d94000 	C:\Windows\system32\rsaenh.dll
0x00007ffc68c30000 - 0x00007ffc68c5e000 	C:\Windows\SYSTEM32\USERENV.dll
0x00007ffc68620000 - 0x00007ffc6862c000 	C:\Windows\SYSTEM32\CRYPTBASE.dll
0x00007ffc61ff0000 - 0x00007ffc62007000 	C:\Windows\SYSTEM32\dhcpcsvc6.DLL
0x00007ffc618a0000 - 0x00007ffc618bd000 	C:\Windows\SYSTEM32\dhcpcsvc.DLL
0x00007ffc63d60000 - 0x00007ffc63d70000 	C:\spring-tool-suite-4-4.14.1\contents\sts-4.14.1.RELEASE\plugins\org.eclipse.justj.openjdk.hotspot.jre.full.win32.x86_64_17.0.2.v20220201-1208\jre\bin\verify.dll
0x00007ffc61ca0000 - 0x00007ffc61cae000 	C:\spring-tool-suite-4-4.14.1\contents\sts-4.14.1.RELEASE\plugins\org.eclipse.justj.openjdk.hotspot.jre.full.win32.x86_64_17.0.2.v20220201-1208\jre\bin\sunmscapi.dll
0x00007ffc68fb0000 - 0x00007ffc69106000 	C:\Windows\System32\CRYPT32.dll
0x00007ffc68720000 - 0x00007ffc68747000 	C:\Windows\SYSTEM32\ncrypt.dll
0x00007ffc686e0000 - 0x00007ffc6871b000 	C:\Windows\SYSTEM32\NTASN1.dll

dbghelp: loaded successfully - version: 4.0.5 - missing functions: none
symbol engine: initialized successfully - sym options: 0x614 - pdb path: .;C:\spring-tool-suite-4-4.14.1\contents\sts-4.14.1.RELEASE\plugins\org.eclipse.justj.openjdk.hotspot.jre.full.win32.x86_64_17.0.2.v20220201-1208\jre\bin;C:\Windows\SYSTEM32;C:\Windows\WinSxS\amd64_microsoft.windows.common-controls_6595b64144ccf1df_6.0.19041.1110_none_60b5254171f9507e;C:\spring-tool-suite-4-4.14.1\contents\sts-4.14.1.RELEASE\plugins\org.eclipse.justj.openjdk.hotspot.jre.full.win32.x86_64_17.0.2.v20220201-1208\jre\bin\server

VM Arguments:
jvm_args: -Dcom.sun.management.jmxremote -Dcom.sun.management.jmxremote.port=64815 -Dcom.sun.management.jmxremote.authenticate=false -Dcom.sun.management.jmxremote.ssl=false -Djava.rmi.server.hostname=localhost -Dspring.jmx.enabled=true -Dspring.application.admin.enabled=true -XX:TieredStopAtLevel=1 -Dspring.boot.project.name=contralador-sondas -Dfile.encoding=UTF-8 -XX:+ShowCodeDetailsInExceptionMessages 
java_command: br.com.elo7.contraladorsondas.ControladorSondasApplication --spring.output.ansi.enabled=always
java_class_path (initial): C:\workspace\Teste Elo7\contralador-sondas\contralador-sondas\target\classes;C:\Users\danil\.m2\repository\org\springframework\boot\spring-boot-starter-data-jpa\2.7.3\spring-boot-starter-data-jpa-2.7.3.jar;C:\Users\danil\.m2\repository\org\springframework\boot\spring-boot-starter-aop\2.7.3\spring-boot-starter-aop-2.7.3.jar;C:\Users\danil\.m2\repository\org\springframework\spring-aop\5.3.22\spring-aop-5.3.22.jar;C:\Users\danil\.m2\repository\org\aspectj\aspectjweaver\1.9.7\aspectjweaver-1.9.7.jar;C:\Users\danil\.m2\repository\org\springframework\boot\spring-boot-starter-jdbc\2.7.3\spring-boot-starter-jdbc-2.7.3.jar;C:\Users\danil\.m2\repository\com\zaxxer\HikariCP\4.0.3\HikariCP-4.0.3.jar;C:\Users\danil\.m2\repository\org\springframework\spring-jdbc\5.3.22\spring-jdbc-5.3.22.jar;C:\Users\danil\.m2\repository\jakarta\transaction\jakarta.transaction-api\1.3.3\jakarta.transaction-api-1.3.3.jar;C:\Users\danil\.m2\repository\jakarta\persistence\jakarta.persistence-api\2.2.3\jakarta.persistence-api-2.2.3.jar;C:\Users\danil\.m2\repository\org\hibernate\hibernate-core\5.6.10.Final\hibernate-core-5.6.10.Final.jar;C:\Users\danil\.m2\repository\org\jboss\logging\jboss-logging\3.4.3.Final\jboss-logging-3.4.3.Final.jar;C:\Users\danil\.m2\repository\net\bytebuddy\byte-buddy\1.12.13\byte-buddy-1.12.13.jar;C:\Users\danil\.m2\repository\antlr\antlr\2.7.7\antlr-2.7.7.jar;C:\Users\danil\.m2\repository\org\jboss\jandex\2.4.2.Final\jandex-2.4.2.Final.jar;C:\Users\danil\.m2\repository\com\fasterxml\classmate\1.5.1\classmate-1.5.1.jar;C:\Users\danil\.m2\repository\org\hibernate\common\hibernate-commons-annotations\5.1.2.Final\hibernate-commons-annotations-5.1.2.Final.jar;C:\Users\danil\.m2\repository\org\glassfish\jaxb\jaxb-runtime\2.3.6\jaxb-runtime-2.3.6.jar;C:\Users\danil\.m2\repository\org\glassfish\jaxb\txw2\2.3.6\txw2-2.3.6.jar;C:\Users\danil\.m2\repository\com\sun\istack\istack-commons-runtime\3.0.12\istack-commons-runtime-3.0.12.jar;C:\Users\danil\.m2\r
Launcher Type: SUN_STANDARD

[Global flags]
     intx CICompilerCount                          = 3                                         {product} {ergonomic}
     uint ConcGCThreads                            = 1                                         {product} {ergonomic}
     uint G1ConcRefinementThreads                  = 4                                         {product} {ergonomic}
   size_t G1HeapRegionSize                         = 1048576                                   {product} {ergonomic}
    uintx GCDrainStackTargetSize                   = 64                                        {product} {ergonomic}
   size_t InitialHeapSize                          = 134217728                                 {product} {ergonomic}
     bool ManagementServer                         = true                                      {product} {command line}
   size_t MarkStackSize                            = 4194304                                   {product} {ergonomic}
   size_t MaxHeapSize                              = 2136997888                                {product} {ergonomic}
   size_t MaxNewSize                               = 1281359872                                {product} {ergonomic}
   size_t MinHeapDeltaBytes                        = 1048576                                   {product} {ergonomic}
   size_t MinHeapSize                              = 8388608                                   {product} {ergonomic}
    uintx NonProfiledCodeHeapSize                  = 0                                      {pd product} {ergonomic}
     bool ProfileInterpreter                       = false                                  {pd product} {command line}
    uintx ProfiledCodeHeapSize                     = 0                                      {pd product} {ergonomic}
     bool ShowCodeDetailsInExceptionMessages       = true                                   {manageable} {command line}
   size_t SoftMaxHeapSize                          = 2136997888                             {manageable} {ergonomic}
     intx TieredStopAtLevel                        = 1                                         {product} {command line}
     bool UseCompressedClassPointers               = true                           {product lp64_product} {ergonomic}
     bool UseCompressedOops                        = true                           {product lp64_product} {ergonomic}
     bool UseG1GC                                  = true                                      {product} {ergonomic}
     bool UseLargePagesIndividualAllocation        = false                                  {pd product} {ergonomic}

Logging:
Log output configuration:
 #0: stdout all=warning uptime,level,tags
 #1: stderr all=off uptime,level,tags

Environment Variables:
JAVA_HOME=C:\Program Files\Java\jdk-11.0.14
PATH=C:/spring-tool-suite-4-4.14.1/contents/sts-4.14.1.RELEASE//plugins/org.eclipse.justj.openjdk.hotspot.jre.full.win32.x86_64_17.0.2.v20220201-1208/jre/bin/server;C:/spring-tool-suite-4-4.14.1/contents/sts-4.14.1.RELEASE//plugins/org.eclipse.justj.openjdk.hotspot.jre.full.win32.x86_64_17.0.2.v20220201-1208/jre/bin;C:\Program Files\Common Files\Oracle\Java\javapath;C:\Program Files (x86)\Common Files\Oracle\Java\javapath;C:\Windows\system32;C:\Windows;C:\Windows\System32\Wbem;C:\Windows\System32\WindowsPowerShell\v1.0\;C:\Windows\System32\OpenSSH\;C:\Program Files (x86)\NVIDIA Corporation\PhysX\Common;C:\Program Files\NVIDIA Corporation\NVIDIA NvDLISR;C:\Program Files\Git\cmd;C:\Users\danil\AppData\Local\Microsoft\WindowsApps;;C:\Program Files\JetBrains\IntelliJ IDEA Community Edition 2022.1\bin;;C:\Users\danil\AppData\Local\Programs\Microsoft VS Code\bin;C:\Program Files\heroku\bin;C:\spring-tool-suite-4-4.14.1\contents\sts-4.14.1.RELEASE;
USERNAME=danilo
OS=Windows_NT
PROCESSOR_IDENTIFIER=Intel64 Family 6 Model 42 Stepping 7, GenuineIntel



---------------  S Y S T E M  ---------------

OS:
 Windows 10 , 64 bit Build 19041 (10.0.19041.1889)
OS uptime: 2 days 22:11 hours
Hyper-V role detected

CPU: total 4 (initial active 4) (4 cores per cpu, 1 threads per core) family 6 model 42 stepping 7 microcode 0x2f, cx8, cmov, fxsr, mmx, sse, sse2, sse3, ssse3, sse4.1, sse4.2, popcnt, tsc, tscinvbit, avx, aes, clmul, vzeroupper, clflush, hv

Memory: 4k page, system-wide physical 8150M (857M free)
TotalPageFile size 10198M (AvailPageFile size 5M)
current process WorkingSet (physical memory assigned to process): 208M, peak: 208M
current process commit charge ("private bytes"): 295M, peak: 315M

vm_info: OpenJDK 64-Bit Server VM (17.0.2+8) for windows-amd64 JRE (17.0.2+8), built on Jan 20 2022 04:52:34 by "" with MS VC++ 16.7 (VS2019)

END.
